  ECS.cpp
  Game.cpp
C:\Users\adbad\source\repos\2Dgameengine\2Dgameengine\src\ECS\ECS.h(95,26): error C2760: syntax error: 'data' was unexpected here; expected '('
  (compiling source file 'src/ECS/ECS.cpp')
      C:\Users\adbad\source\repos\2Dgameengine\2Dgameengine\src\ECS\ECS.h(95,26):
      the template instantiation context (the oldest one first) is
          C:\Users\adbad\source\repos\2Dgameengine\2Dgameengine\src\ECS\ECS.h(61,7):
          while compiling class template 'Pool'
  
C:\Users\adbad\source\repos\2Dgameengine\2Dgameengine\src\ECS\ECS.h(95,30): error C3878: syntax error: unexpected token '[' following 'expression'
  (compiling source file 'src/ECS/ECS.cpp')
  
C:\Users\adbad\source\repos\2Dgameengine\2Dgameengine\src\ECS\ECS.h(95,36): error C2760: syntax error: ']' was unexpected here; expected ';'
  (compiling source file 'src/ECS/ECS.cpp')
  
C:\Users\adbad\source\repos\2Dgameengine\2Dgameengine\src\ECS\ECS.h(95,36): error C3878: syntax error: unexpected token ']' following 'jump-statement'
  (compiling source file 'src/ECS/ECS.cpp')
  
C:\Users\adbad\source\repos\2Dgameengine\2Dgameengine\src\ECS\ECS.h(95,26): error C2760: syntax error: 'data' was unexpected here; expected '('
  (compiling source file 'src/Game/Game.cpp')
      C:\Users\adbad\source\repos\2Dgameengine\2Dgameengine\src\ECS\ECS.h(95,26):
      the template instantiation context (the oldest one first) is
          C:\Users\adbad\source\repos\2Dgameengine\2Dgameengine\src\ECS\ECS.h(61,7):
          while compiling class template 'Pool'
  
C:\Users\adbad\source\repos\2Dgameengine\2Dgameengine\src\ECS\ECS.h(95,30): error C3878: syntax error: unexpected token '[' following 'expression'
  (compiling source file 'src/Game/Game.cpp')
  
C:\Users\adbad\source\repos\2Dgameengine\2Dgameengine\src\ECS\ECS.h(95,36): error C2760: syntax error: ']' was unexpected here; expected ';'
  (compiling source file 'src/Game/Game.cpp')
  
C:\Users\adbad\source\repos\2Dgameengine\2Dgameengine\src\ECS\ECS.h(95,36): error C3878: syntax error: unexpected token ']' following 'jump-statement'
  (compiling source file 'src/Game/Game.cpp')
  
C:\Users\adbad\source\repos\2Dgameengine\2Dgameengine\src\Game\Game.cpp(94,39): warning C4244: '+=': conversion from 'double' to 'T', possible loss of data
C:\Users\adbad\source\repos\2Dgameengine\2Dgameengine\src\Game\Game.cpp(94,39): warning C4244:         with
C:\Users\adbad\source\repos\2Dgameengine\2Dgameengine\src\Game\Game.cpp(94,39): warning C4244:         [
C:\Users\adbad\source\repos\2Dgameengine\2Dgameengine\src\Game\Game.cpp(94,39): warning C4244:             T=float
C:\Users\adbad\source\repos\2Dgameengine\2Dgameengine\src\Game\Game.cpp(94,39): warning C4244:         ]
C:\Users\adbad\source\repos\2Dgameengine\2Dgameengine\src\Game\Game.cpp(95,39): warning C4244: '+=': conversion from 'double' to 'T', possible loss of data
C:\Users\adbad\source\repos\2Dgameengine\2Dgameengine\src\Game\Game.cpp(95,39): warning C4244:         with
C:\Users\adbad\source\repos\2Dgameengine\2Dgameengine\src\Game\Game.cpp(95,39): warning C4244:         [
C:\Users\adbad\source\repos\2Dgameengine\2Dgameengine\src\Game\Game.cpp(95,39): warning C4244:             T=float
C:\Users\adbad\source\repos\2Dgameengine\2Dgameengine\src\Game\Game.cpp(95,39): warning C4244:         ]
  Generating Code...
